\BOOKMARK [1][-]{section.1}{\376\377\000C\000u\000r\000v\000a\000s\000\040\000d\000e\000\040\000n\000i\000v\000e\000l}{}% 1
\BOOKMARK [1][-]{section.2}{\376\377\000C\000u\000r\000v\000a\000s\000\040\000d\000e\000\040\000n\000i\000v\000e\000l\000\040\000e\000n\000\040\000E\000c\000o\000n\000o\000m\000\355\000a}{}% 2
\BOOKMARK [1][-]{section.3}{\376\377\000O\000p\000t\000i\000m\000i\000z\000a\000c\000i\000\363\000n\000\040\000c\000o\000n\000\040\000c\000u\000r\000v\000a\000s\000\040\000d\000e\000\040\000n\000i\000v\000e\000l}{}% 3
\BOOKMARK [1][-]{section.4}{\376\377\000C\000o\000n\000t\000i\000n\000u\000i\000d\000a\000d}{}% 4
\BOOKMARK [1][-]{section.5}{\376\377\000D\000e\000r\000i\000v\000a\000d\000a\000s\000\040\000p\000a\000r\000c\000i\000a\000l\000e\000s}{}% 5
\BOOKMARK [1][-]{section.6}{\376\377\000D\000i\000f\000e\000r\000e\000n\000c\000i\000a\000l}{}% 6
\BOOKMARK [1][-]{section.7}{\376\377\000A\000p\000l\000i\000c\000a\000c\000i\000\363\000n\000\040\000e\000c\000o\000n\000\363\000m\000i\000c\000a\000\040\000d\000e\000\040\000d\000i\000f\000e\000r\000e\000n\000c\000i\000a\000l}{}% 7
\BOOKMARK [1][-]{section.8}{\376\377\000C\000l\000a\000s\000i\000f\000i\000c\000a\000c\000i\000\363\000n\000\040\000d\000e\000\040\000b\000i\000e\000n\000e\000s\000\040\000y\000\040\000e\000l\000a\000s\000t\000i\000c\000i\000d\000a\000d}{}% 8
\BOOKMARK [1][-]{section.9}{\376\377\000D\000e\000r\000i\000v\000a\000d\000a\000s\000\040\000i\000m\000p\000l\000\355\000c\000i\000t\000a\000s}{}% 9
\BOOKMARK [1][-]{section.10}{\376\377\000D\000e\000r\000i\000v\000a\000d\000a\000s\000\040\000i\000m\000p\000l\000\355\000c\000i\000t\000a\000s\000\040\000e\000n\000\040\000s\000i\000s\000t\000e\000m\000a\000s\000\040\000d\000e\000\040\000e\000c\000u\000a\000c\000i\000o\000n\000e\000s}{}% 10
\BOOKMARK [1][-]{section.11}{\376\377\000I\000S\000-\000L\000M}{}% 11
\BOOKMARK [1][-]{section.12}{\376\377\000H\000o\000m\000o\000g\000e\000n\000e\000i\000d\000a\000d}{}% 12
\BOOKMARK [1][-]{section.13}{\376\377\000A\000u\000t\000o\000v\000a\000l\000o\000r\000e\000s\000\040\000y\000\040\000a\000u\000t\000o\000v\000e\000c\000t\000o\000r\000e\000s}{}% 13
\BOOKMARK [1][-]{section.14}{\376\377\000F\000o\000r\000m\000a\000s\000\040\000c\000u\000a\000d\000r\000\341\000t\000i\000c\000a\000s}{}% 14
\BOOKMARK [1][-]{section.15}{\376\377\000M\000e\000n\000o\000r\000e\000s}{}% 15
\BOOKMARK [1][-]{section.16}{\376\377\000C\000o\000n\000c\000a\000v\000i\000d\000a\000d\000\040\000y\000\040\000c\000o\000n\000v\000e\000x\000i\000d\000a\000d}{}% 16
\BOOKMARK [1][-]{section.17}{\376\377\000O\000p\000t\000i\000m\000i\000z\000a\000c\000i\000\363\000n\000\040\000s\000i\000n\000\040\000r\000e\000s\000t\000r\000i\000c\000c\000i\000o\000n\000e\000s}{}% 17
\BOOKMARK [1][-]{section.18}{\376\377\000A\000p\000l\000i\000c\000a\000c\000i\000o\000n\000e\000s\000\040\000e\000c\000o\000n\000\363\000m\000i\000c\000a\000s\000\040\000d\000e\000\040\000o\000p\000t\000i\000m\000i\000z\000a\000c\000i\000\363\000n}{}% 18
\BOOKMARK [1][-]{section.19}{\376\377\000O\000p\000t\000i\000m\000i\000z\000a\000c\000i\000\363\000n\000\040\000c\000o\000n\000\040\000r\000e\000s\000t\000r\000i\000c\000c\000i\000o\000n\000e\000s\000\040\000d\000e\000\040\000i\000g\000u\000a\000l\000d\000a\000d}{}% 19
\BOOKMARK [1][-]{section.20}{\376\377\000O\000p\000t\000i\000m\000i\000z\000a\000c\000i\000\363\000n\000\040\000c\000o\000n\000\040\000r\000e\000s\000t\000r\000i\000c\000c\000i\000o\000n\000e\000s\000\040\000d\000e\000\040\000d\000e\000s\000i\000g\000u\000a\000l\000d\000a\000d}{}% 20
