\BOOKMARK [1][-]{section.1}{\376\377\000C\000u\000r\000v\000a\000s\000\040\000d\000e\000\040\000n\000i\000v\000e\000l\000\040\000y\000\040\000d\000e\000r\000i\000v\000a\000d\000a\000s\000\040\000p\000a\000r\000c\000i\000a\000l\000e\000s}{}% 1
\BOOKMARK [2][-]{subsection.1.1}{\376\377\000E\000j\000e\000r\000c\000i\000c\000i\000o\000\040\0001}{section.1}% 2
\BOOKMARK [2][-]{subsection.1.2}{\376\377\000E\000j\000e\000r\000c\000i\000c\000i\000o\000\040\0002}{section.1}% 3
\BOOKMARK [2][-]{subsection.1.3}{\376\377\000E\000j\000e\000r\000c\000i\000c\000i\000o\000\040\0003}{section.1}% 4
\BOOKMARK [2][-]{subsection.1.4}{\376\377\000E\000j\000e\000r\000c\000i\000c\000i\000o\000\040\0004}{section.1}% 5
\BOOKMARK [2][-]{subsection.1.5}{\376\377\000E\000j\000e\000r\000c\000i\000c\000i\000o\000\040\0005}{section.1}% 6
\BOOKMARK [2][-]{subsection.1.6}{\376\377\000E\000j\000e\000r\000c\000i\000c\000i\000o\000\040\0006}{section.1}% 7
\BOOKMARK [2][-]{subsection.1.7}{\376\377\000E\000j\000e\000r\000c\000i\000c\000i\000o\000\040\0007}{section.1}% 8
\BOOKMARK [2][-]{subsection.1.8}{\376\377\000E\000j\000e\000r\000c\000i\000c\000i\000o\000\040\0008}{section.1}% 9
\BOOKMARK [2][-]{subsection.1.9}{\376\377\000E\000j\000e\000r\000c\000i\000c\000i\000o\000\040\0009}{section.1}% 10
\BOOKMARK [2][-]{subsection.1.10}{\376\377\000E\000j\000e\000r\000c\000i\000c\000i\000o\000\040\0001\0000}{section.1}% 11
\BOOKMARK [2][-]{subsection.1.11}{\376\377\000E\000j\000e\000r\000c\000i\000c\000i\000o\000\040\0001\0001}{section.1}% 12
\BOOKMARK [2][-]{subsection.1.12}{\376\377\000E\000j\000e\000r\000c\000i\000c\000i\000o\000\040\0001\0002}{section.1}% 13
\BOOKMARK [2][-]{subsection.1.13}{\376\377\000E\000j\000e\000r\000c\000i\000c\000i\000o\000\040\0001\0003}{section.1}% 14
\BOOKMARK [2][-]{subsection.1.14}{\376\377\000E\000j\000e\000r\000c\000i\000c\000i\000o\000\040\0001\0004}{section.1}% 15
\BOOKMARK [2][-]{subsection.1.15}{\376\377\000E\000j\000e\000r\000c\000i\000c\000i\000o\000\040\0001\0005}{section.1}% 16
\BOOKMARK [2][-]{subsection.1.16}{\376\377\000E\000j\000e\000r\000c\000i\000c\000i\000o\000\040\0001\0006}{section.1}% 17
\BOOKMARK [2][-]{subsection.1.17}{\376\377\000E\000j\000e\000r\000c\000i\000c\000i\000o\000\040\0001\0007}{section.1}% 18
\BOOKMARK [2][-]{subsection.1.18}{\376\377\000E\000j\000e\000r\000c\000i\000c\000i\000o\000\040\0001\0008}{section.1}% 19
\BOOKMARK [2][-]{subsection.1.19}{\376\377\000E\000j\000e\000r\000c\000i\000c\000i\000o\000\040\0001\0009}{section.1}% 20
\BOOKMARK [2][-]{subsection.1.20}{\376\377\000E\000j\000e\000r\000c\000i\000c\000i\000o\000\040\0002\0000}{section.1}% 21
\BOOKMARK [2][-]{subsection.1.21}{\376\377\000E\000j\000e\000r\000c\000i\000c\000i\000o\000\040\0002\0001}{section.1}% 22
\BOOKMARK [2][-]{subsection.1.22}{\376\377\000E\000j\000e\000r\000c\000i\000c\000i\000o\000\040\0002\0002}{section.1}% 23
\BOOKMARK [2][-]{subsection.1.23}{\376\377\000E\000j\000e\000r\000c\000i\000c\000i\000o\000\040\0002\0003}{section.1}% 24
\BOOKMARK [2][-]{subsection.1.24}{\376\377\000E\000j\000e\000r\000c\000i\000c\000i\000o\000\040\0002\0004}{section.1}% 25
\BOOKMARK [2][-]{subsection.1.25}{\376\377\000E\000j\000e\000r\000c\000i\000c\000i\000o\000\040\0002\0005}{section.1}% 26
\BOOKMARK [2][-]{subsection.1.26}{\376\377\000E\000j\000e\000r\000c\000i\000c\000i\000o\000\040\0002\0006}{section.1}% 27
\BOOKMARK [2][-]{subsection.1.27}{\376\377\000E\000j\000e\000r\000c\000i\000c\000i\000o\000\040\0002\0007}{section.1}% 28
\BOOKMARK [2][-]{subsection.1.28}{\376\377\000E\000j\000e\000r\000c\000i\000c\000i\000o\000\040\0002\0008}{section.1}% 29
\BOOKMARK [2][-]{subsection.1.29}{\376\377\000E\000j\000e\000r\000c\000i\000c\000i\000o\000\040\0002\0009}{section.1}% 30
\BOOKMARK [2][-]{subsection.1.30}{\376\377\000E\000j\000e\000r\000c\000i\000c\000i\000o\000\040\0003\0000}{section.1}% 31
\BOOKMARK [2][-]{subsection.1.31}{\376\377\000E\000j\000e\000r\000c\000i\000c\000i\000o\000\040\0003\0001}{section.1}% 32
\BOOKMARK [2][-]{subsection.1.32}{\376\377\000E\000j\000e\000r\000c\000i\000c\000i\000o\000\040\0003\0002}{section.1}% 33
\BOOKMARK [2][-]{subsection.1.33}{\376\377\000E\000j\000e\000r\000c\000i\000c\000i\000o\000\040\0003\0003}{section.1}% 34
\BOOKMARK [2][-]{subsection.1.34}{\376\377\000E\000j\000e\000r\000c\000i\000c\000i\000o\000\040\0003\0004}{section.1}% 35
\BOOKMARK [2][-]{subsection.1.35}{\376\377\000E\000j\000e\000r\000c\000i\000c\000i\000o\000\040\0003\0005}{section.1}% 36
\BOOKMARK [1][-]{section.2}{\376\377\000D\000e\000r\000i\000v\000a\000d\000a\000s\000\040\000c\000o\000m\000p\000u\000e\000s\000t\000a\000s\000,\000\040\000d\000e\000r\000i\000v\000a\000d\000a\000s\000\040\000i\000m\000p\000l\000\355\000c\000i\000t\000a\000s\000\040\000y\000\040\000h\000o\000m\000o\000g\000e\000n\000e\000i\000d\000a\000d}{}% 37
\BOOKMARK [2][-]{subsection.2.1}{\376\377\000E\000j\000e\000r\000c\000i\000c\000i\000o\000\040\0001}{section.2}% 38
\BOOKMARK [2][-]{subsection.2.2}{\376\377\000E\000j\000e\000r\000c\000i\000c\000i\000o\000\040\0002}{section.2}% 39
\BOOKMARK [2][-]{subsection.2.3}{\376\377\000E\000j\000e\000r\000c\000i\000c\000i\000o\000\040\0003}{section.2}% 40
\BOOKMARK [2][-]{subsection.2.4}{\376\377\000E\000j\000e\000r\000c\000i\000c\000i\000o\000\040\0004}{section.2}% 41
\BOOKMARK [2][-]{subsection.2.5}{\376\377\000E\000j\000e\000r\000c\000i\000c\000i\000o\000\040\0005}{section.2}% 42
\BOOKMARK [2][-]{subsection.2.6}{\376\377\000E\000j\000e\000r\000c\000i\000c\000i\000o\000\040\0006}{section.2}% 43
\BOOKMARK [2][-]{subsection.2.7}{\376\377\000E\000j\000e\000r\000c\000i\000c\000i\000o\000\040\0007}{section.2}% 44
\BOOKMARK [2][-]{subsection.2.8}{\376\377\000E\000j\000e\000r\000c\000i\000c\000i\000o\000\040\0008}{section.2}% 45
\BOOKMARK [2][-]{subsection.2.9}{\376\377\000E\000j\000e\000r\000c\000i\000c\000i\000o\000\040\0009}{section.2}% 46
\BOOKMARK [2][-]{subsection.2.10}{\376\377\000E\000j\000e\000r\000c\000i\000c\000i\000o\000\040\0001\0000}{section.2}% 47
\BOOKMARK [2][-]{subsection.2.11}{\376\377\000E\000j\000e\000r\000c\000i\000c\000i\000o\000\040\0001\0001}{section.2}% 48
\BOOKMARK [2][-]{subsection.2.12}{\376\377\000E\000j\000e\000r\000c\000i\000c\000i\000o\000\040\0001\0002}{section.2}% 49
\BOOKMARK [2][-]{subsection.2.13}{\376\377\000E\000j\000e\000r\000c\000i\000c\000i\000o\000\040\0001\0003}{section.2}% 50
\BOOKMARK [2][-]{subsection.2.14}{\376\377\000E\000j\000e\000r\000c\000i\000c\000i\000o\000\040\0001\0004}{section.2}% 51
\BOOKMARK [2][-]{subsection.2.15}{\376\377\000E\000j\000e\000r\000c\000i\000c\000i\000o\000\040\0001\0005}{section.2}% 52
\BOOKMARK [2][-]{subsection.2.16}{\376\377\000E\000j\000e\000r\000c\000i\000c\000i\000o\000\040\0001\0006}{section.2}% 53
\BOOKMARK [2][-]{subsection.2.17}{\376\377\000E\000j\000e\000r\000c\000i\000c\000i\000o\000\040\0001\0007}{section.2}% 54
\BOOKMARK [2][-]{subsection.2.18}{\376\377\000E\000j\000e\000r\000c\000i\000c\000i\000o\000\040\0001\0008}{section.2}% 55
\BOOKMARK [2][-]{subsection.2.19}{\376\377\000E\000j\000e\000r\000c\000i\000c\000i\000o\000\040\0001\0009}{section.2}% 56
\BOOKMARK [2][-]{subsection.2.20}{\376\377\000E\000j\000e\000r\000c\000i\000c\000i\000o\000\040\0002\0000}{section.2}% 57
\BOOKMARK [2][-]{subsection.2.21}{\376\377\000E\000j\000e\000r\000c\000i\000c\000i\000o\000\040\0002\0001}{section.2}% 58
\BOOKMARK [2][-]{subsection.2.22}{\376\377\000E\000j\000e\000r\000c\000i\000c\000i\000o\000\040\0002\0002}{section.2}% 59
\BOOKMARK [2][-]{subsection.2.23}{\376\377\000E\000j\000e\000r\000c\000i\000c\000i\000o\000\040\0002\0003}{section.2}% 60
\BOOKMARK [2][-]{subsection.2.24}{\376\377\000E\000j\000e\000r\000c\000i\000c\000i\000o\000\040\0002\0004}{section.2}% 61
\BOOKMARK [2][-]{subsection.2.25}{\376\377\000E\000j\000e\000r\000c\000i\000c\000i\000o\000\040\0002\0005}{section.2}% 62
\BOOKMARK [1][-]{section.3}{\376\377\000A\000u\000t\000o\000v\000e\000c\000t\000o\000r\000e\000s\000,\000\040\000a\000u\000t\000o\000v\000a\000l\000o\000r\000e\000s\000\040\000y\000\040\000f\000o\000r\000m\000a\000s\000\040\000c\000u\000a\000d\000r\000\341\000t\000i\000c\000a\000s}{}% 63
\BOOKMARK [2][-]{subsection.3.1}{\376\377\000E\000j\000e\000r\000c\000i\000c\000i\000o\000\040\0001}{section.3}% 64
\BOOKMARK [2][-]{subsection.3.2}{\376\377\000E\000j\000e\000r\000c\000i\000c\000i\000o\000\040\0002}{section.3}% 65
\BOOKMARK [2][-]{subsection.3.3}{\376\377\000E\000j\000e\000r\000c\000i\000c\000i\000o\000\040\0003}{section.3}% 66
\BOOKMARK [2][-]{subsection.3.4}{\376\377\000E\000j\000e\000r\000c\000i\000c\000i\000o\000\040\0004}{section.3}% 67
\BOOKMARK [2][-]{subsection.3.5}{\376\377\000E\000j\000e\000r\000c\000i\000c\000i\000o\000\040\0005}{section.3}% 68
\BOOKMARK [2][-]{subsection.3.6}{\376\377\000E\000j\000e\000r\000c\000i\000c\000i\000o\000\040\0006}{section.3}% 69
\BOOKMARK [2][-]{subsection.3.7}{\376\377\000E\000j\000e\000r\000c\000i\000c\000i\000o\000\040\0007}{section.3}% 70
\BOOKMARK [2][-]{subsection.3.8}{\376\377\000E\000j\000e\000r\000c\000i\000c\000i\000o\000\040\0008}{section.3}% 71
\BOOKMARK [2][-]{subsection.3.9}{\376\377\000E\000j\000e\000r\000c\000i\000c\000i\000o\000\040\0009}{section.3}% 72
\BOOKMARK [2][-]{subsection.3.10}{\376\377\000E\000j\000e\000r\000c\000i\000c\000i\000o\000\040\0001\0000}{section.3}% 73
\BOOKMARK [2][-]{subsection.3.11}{\376\377\000E\000j\000e\000r\000c\000i\000c\000i\000o\000\040\0001\0001}{section.3}% 74
\BOOKMARK [2][-]{subsection.3.12}{\376\377\000E\000j\000e\000r\000c\000i\000c\000i\000o\000\040\0001\0002}{section.3}% 75
\BOOKMARK [2][-]{subsection.3.13}{\376\377\000E\000j\000e\000r\000c\000i\000c\000i\000o\000\040\0001\0003}{section.3}% 76
\BOOKMARK [2][-]{subsection.3.14}{\376\377\000E\000j\000e\000r\000c\000i\000c\000i\000o\000\040\0001\0004}{section.3}% 77
\BOOKMARK [2][-]{subsection.3.15}{\376\377\000E\000j\000e\000r\000c\000i\000c\000i\000o\000\040\0001\0005}{section.3}% 78
\BOOKMARK [2][-]{subsection.3.16}{\376\377\000E\000j\000e\000r\000c\000i\000c\000i\000o\000\040\0001\0006}{section.3}% 79
\BOOKMARK [2][-]{subsection.3.17}{\376\377\000E\000j\000e\000r\000c\000i\000c\000i\000o\000\040\0001\0007}{section.3}% 80
